Started GET "/test_dep_collector/collector" for 127.0.0.1 at 2018-01-14 22:36:01 +0200
  
ActiveRecord::NoDatabaseError (FATAL:  database "dep_collector_demo_development" does not exist
):
  
activerecord (5.1.4) lib/active_record/connection_adapters/postgresql_adapter.rb:699:in `rescue in connect'
activerecord (5.1.4) lib/active_record/connection_adapters/postgresql_adapter.rb:695:in `connect'
activerecord (5.1.4) lib/active_record/connection_adapters/postgresql_adapter.rb:220:in `initialize'
activerecord (5.1.4) lib/active_record/connection_adapters/postgresql_adapter.rb:38:in `new'
activerecord (5.1.4) lib/active_record/connection_adapters/postgresql_adapter.rb:38:in `postgresql_connection'
activerecord (5.1.4) lib/active_record/connection_adapters/abstract/connection_pool.rb:759:in `new_connection'
activerecord (5.1.4) lib/active_record/connection_adapters/abstract/connection_pool.rb:803:in `checkout_new_connection'
activerecord (5.1.4) lib/active_record/connection_adapters/abstract/connection_pool.rb:782:in `try_to_checkout_new_connection'
activerecord (5.1.4) lib/active_record/connection_adapters/abstract/connection_pool.rb:743:in `acquire_connection'
activerecord (5.1.4) lib/active_record/connection_adapters/abstract/connection_pool.rb:500:in `checkout'
activerecord (5.1.4) lib/active_record/connection_adapters/abstract/connection_pool.rb:374:in `connection'
activerecord (5.1.4) lib/active_record/connection_adapters/abstract/connection_pool.rb:931:in `retrieve_connection'
activerecord (5.1.4) lib/active_record/connection_handling.rb:116:in `retrieve_connection'
activerecord (5.1.4) lib/active_record/connection_handling.rb:88:in `connection'
activerecord (5.1.4) lib/active_record/migration.rb:562:in `connection'
activerecord (5.1.4) lib/active_record/migration.rb:553:in `call'
actionpack (5.1.4) lib/action_dispatch/middleware/callbacks.rb:26:in `block in call'
activesupport (5.1.4) lib/active_support/callbacks.rb:97:in `run_callbacks'
actionpack (5.1.4) lib/action_dispatch/middleware/callbacks.rb:24:in `call'
actionpack (5.1.4) lib/action_dispatch/middleware/executor.rb:12:in `call'
actionpack (5.1.4) lib/action_dispatch/middleware/debug_exceptions.rb:59:in `call'
web-console (3.5.1) lib/web_console/middleware.rb:135:in `call_app'
web-console (3.5.1) lib/web_console/middleware.rb:28:in `block in call'
web-console (3.5.1) lib/web_console/middleware.rb:18:in `catch'
web-console (3.5.1) lib/web_console/middleware.rb:18:in `call'
actionpack (5.1.4) lib/action_dispatch/middleware/show_exceptions.rb:31:in `call'
railties (5.1.4) lib/rails/rack/logger.rb:36:in `call_app'
railties (5.1.4) lib/rails/rack/logger.rb:24:in `block in call'
activesupport (5.1.4) lib/active_support/tagged_logging.rb:69:in `block in tagged'
activesupport (5.1.4) lib/active_support/tagged_logging.rb:26:in `tagged'
activesupport (5.1.4) lib/active_support/tagged_logging.rb:69:in `tagged'
railties (5.1.4) lib/rails/rack/logger.rb:24:in `call'
sprockets-rails (3.2.1) lib/sprockets/rails/quiet_assets.rb:13:in `call'
actionpack (5.1.4) lib/action_dispatch/middleware/remote_ip.rb:79:in `call'
actionpack (5.1.4) lib/action_dispatch/middleware/request_id.rb:25:in `call'
rack (2.0.3) lib/rack/method_override.rb:22:in `call'
rack (2.0.3) lib/rack/runtime.rb:22:in `call'
activesupport (5.1.4) lib/active_support/cache/strategy/local_cache_middleware.rb:27:in `call'
actionpack (5.1.4) lib/action_dispatch/middleware/executor.rb:12:in `call'
actionpack (5.1.4) lib/action_dispatch/middleware/static.rb:125:in `call'
rack (2.0.3) lib/rack/sendfile.rb:111:in `call'
railties (5.1.4) lib/rails/engine.rb:522:in `call'
puma (3.11.0) lib/puma/configuration.rb:225:in `call'
puma (3.11.0) lib/puma/server.rb:624:in `handle_request'
puma (3.11.0) lib/puma/server.rb:438:in `process_client'
puma (3.11.0) lib/puma/server.rb:302:in `block in run'
puma (3.11.0) lib/puma/thread_pool.rb:120:in `block in spawn_thread'
Started GET "/test_dep_collector/collector" for 127.0.0.1 at 2018-01-14 22:37:16 +0200
  [1m[35m (0.4ms)[0m  [1m[34mSELECT "schema_migrations"."version" FROM "schema_migrations" ORDER BY "schema_migrations"."version" ASC[0m
  
ActiveRecord::PendingMigrationError (

Migrations are pending. To resolve this issue, run:

        bin/rails db:migrate RAILS_ENV=development

):
  
activerecord (5.1.4) lib/active_record/migration.rb:576:in `check_pending!'
activerecord (5.1.4) lib/active_record/migration.rb:553:in `call'
actionpack (5.1.4) lib/action_dispatch/middleware/callbacks.rb:26:in `block in call'
activesupport (5.1.4) lib/active_support/callbacks.rb:97:in `run_callbacks'
actionpack (5.1.4) lib/action_dispatch/middleware/callbacks.rb:24:in `call'
actionpack (5.1.4) lib/action_dispatch/middleware/executor.rb:12:in `call'
actionpack (5.1.4) lib/action_dispatch/middleware/debug_exceptions.rb:59:in `call'
web-console (3.5.1) lib/web_console/middleware.rb:135:in `call_app'
web-console (3.5.1) lib/web_console/middleware.rb:28:in `block in call'
web-console (3.5.1) lib/web_console/middleware.rb:18:in `catch'
web-console (3.5.1) lib/web_console/middleware.rb:18:in `call'
actionpack (5.1.4) lib/action_dispatch/middleware/show_exceptions.rb:31:in `call'
railties (5.1.4) lib/rails/rack/logger.rb:36:in `call_app'
railties (5.1.4) lib/rails/rack/logger.rb:24:in `block in call'
activesupport (5.1.4) lib/active_support/tagged_logging.rb:69:in `block in tagged'
activesupport (5.1.4) lib/active_support/tagged_logging.rb:26:in `tagged'
activesupport (5.1.4) lib/active_support/tagged_logging.rb:69:in `tagged'
railties (5.1.4) lib/rails/rack/logger.rb:24:in `call'
sprockets-rails (3.2.1) lib/sprockets/rails/quiet_assets.rb:13:in `call'
actionpack (5.1.4) lib/action_dispatch/middleware/remote_ip.rb:79:in `call'
actionpack (5.1.4) lib/action_dispatch/middleware/request_id.rb:25:in `call'
rack (2.0.3) lib/rack/method_override.rb:22:in `call'
rack (2.0.3) lib/rack/runtime.rb:22:in `call'
activesupport (5.1.4) lib/active_support/cache/strategy/local_cache_middleware.rb:27:in `call'
actionpack (5.1.4) lib/action_dispatch/middleware/executor.rb:12:in `call'
actionpack (5.1.4) lib/action_dispatch/middleware/static.rb:125:in `call'
rack (2.0.3) lib/rack/sendfile.rb:111:in `call'
railties (5.1.4) lib/rails/engine.rb:522:in `call'
puma (3.11.0) lib/puma/configuration.rb:225:in `call'
puma (3.11.0) lib/puma/server.rb:624:in `handle_request'
puma (3.11.0) lib/puma/server.rb:438:in `process_client'
puma (3.11.0) lib/puma/server.rb:302:in `block in run'
puma (3.11.0) lib/puma/thread_pool.rb:120:in `block in spawn_thread'
Started GET "/test_dep_collector/collector" for 127.0.0.1 at 2018-01-14 22:37:47 +0200
  [1m[35m (0.2ms)[0m  [1m[34mSELECT "schema_migrations"."version" FROM "schema_migrations" ORDER BY "schema_migrations"."version" ASC[0m
  
ActiveRecord::PendingMigrationError (

Migrations are pending. To resolve this issue, run:

        bin/rails db:migrate RAILS_ENV=development

):
  
activerecord (5.1.4) lib/active_record/migration.rb:576:in `check_pending!'
activerecord (5.1.4) lib/active_record/migration.rb:553:in `call'
actionpack (5.1.4) lib/action_dispatch/middleware/callbacks.rb:26:in `block in call'
activesupport (5.1.4) lib/active_support/callbacks.rb:97:in `run_callbacks'
actionpack (5.1.4) lib/action_dispatch/middleware/callbacks.rb:24:in `call'
actionpack (5.1.4) lib/action_dispatch/middleware/executor.rb:12:in `call'
actionpack (5.1.4) lib/action_dispatch/middleware/debug_exceptions.rb:59:in `call'
web-console (3.5.1) lib/web_console/middleware.rb:135:in `call_app'
web-console (3.5.1) lib/web_console/middleware.rb:28:in `block in call'
web-console (3.5.1) lib/web_console/middleware.rb:18:in `catch'
web-console (3.5.1) lib/web_console/middleware.rb:18:in `call'
actionpack (5.1.4) lib/action_dispatch/middleware/show_exceptions.rb:31:in `call'
railties (5.1.4) lib/rails/rack/logger.rb:36:in `call_app'
railties (5.1.4) lib/rails/rack/logger.rb:24:in `block in call'
activesupport (5.1.4) lib/active_support/tagged_logging.rb:69:in `block in tagged'
activesupport (5.1.4) lib/active_support/tagged_logging.rb:26:in `tagged'
activesupport (5.1.4) lib/active_support/tagged_logging.rb:69:in `tagged'
railties (5.1.4) lib/rails/rack/logger.rb:24:in `call'
sprockets-rails (3.2.1) lib/sprockets/rails/quiet_assets.rb:13:in `call'
actionpack (5.1.4) lib/action_dispatch/middleware/remote_ip.rb:79:in `call'
actionpack (5.1.4) lib/action_dispatch/middleware/request_id.rb:25:in `call'
rack (2.0.3) lib/rack/method_override.rb:22:in `call'
rack (2.0.3) lib/rack/runtime.rb:22:in `call'
activesupport (5.1.4) lib/active_support/cache/strategy/local_cache_middleware.rb:27:in `call'
actionpack (5.1.4) lib/action_dispatch/middleware/executor.rb:12:in `call'
actionpack (5.1.4) lib/action_dispatch/middleware/static.rb:125:in `call'
rack (2.0.3) lib/rack/sendfile.rb:111:in `call'
railties (5.1.4) lib/rails/engine.rb:522:in `call'
puma (3.11.0) lib/puma/configuration.rb:225:in `call'
puma (3.11.0) lib/puma/server.rb:624:in `handle_request'
puma (3.11.0) lib/puma/server.rb:438:in `process_client'
puma (3.11.0) lib/puma/server.rb:302:in `block in run'
puma (3.11.0) lib/puma/thread_pool.rb:120:in `block in spawn_thread'
Started GET "/test_dep_collector/collector" for 127.0.0.1 at 2018-01-14 22:38:45 +0200
  [1m[35m (0.3ms)[0m  [1m[34mSELECT "schema_migrations"."version" FROM "schema_migrations" ORDER BY "schema_migrations"."version" ASC[0m
  
ActiveRecord::PendingMigrationError (

Migrations are pending. To resolve this issue, run:

        bin/rails db:migrate RAILS_ENV=development

):
  
activerecord (5.1.4) lib/active_record/migration.rb:576:in `check_pending!'
activerecord (5.1.4) lib/active_record/migration.rb:553:in `call'
actionpack (5.1.4) lib/action_dispatch/middleware/callbacks.rb:26:in `block in call'
activesupport (5.1.4) lib/active_support/callbacks.rb:97:in `run_callbacks'
actionpack (5.1.4) lib/action_dispatch/middleware/callbacks.rb:24:in `call'
actionpack (5.1.4) lib/action_dispatch/middleware/executor.rb:12:in `call'
actionpack (5.1.4) lib/action_dispatch/middleware/debug_exceptions.rb:59:in `call'
web-console (3.5.1) lib/web_console/middleware.rb:135:in `call_app'
web-console (3.5.1) lib/web_console/middleware.rb:28:in `block in call'
web-console (3.5.1) lib/web_console/middleware.rb:18:in `catch'
web-console (3.5.1) lib/web_console/middleware.rb:18:in `call'
actionpack (5.1.4) lib/action_dispatch/middleware/show_exceptions.rb:31:in `call'
railties (5.1.4) lib/rails/rack/logger.rb:36:in `call_app'
railties (5.1.4) lib/rails/rack/logger.rb:24:in `block in call'
activesupport (5.1.4) lib/active_support/tagged_logging.rb:69:in `block in tagged'
activesupport (5.1.4) lib/active_support/tagged_logging.rb:26:in `tagged'
activesupport (5.1.4) lib/active_support/tagged_logging.rb:69:in `tagged'
railties (5.1.4) lib/rails/rack/logger.rb:24:in `call'
sprockets-rails (3.2.1) lib/sprockets/rails/quiet_assets.rb:13:in `call'
actionpack (5.1.4) lib/action_dispatch/middleware/remote_ip.rb:79:in `call'
actionpack (5.1.4) lib/action_dispatch/middleware/request_id.rb:25:in `call'
rack (2.0.3) lib/rack/method_override.rb:22:in `call'
rack (2.0.3) lib/rack/runtime.rb:22:in `call'
activesupport (5.1.4) lib/active_support/cache/strategy/local_cache_middleware.rb:27:in `call'
actionpack (5.1.4) lib/action_dispatch/middleware/executor.rb:12:in `call'
actionpack (5.1.4) lib/action_dispatch/middleware/static.rb:125:in `call'
rack (2.0.3) lib/rack/sendfile.rb:111:in `call'
railties (5.1.4) lib/rails/engine.rb:522:in `call'
puma (3.11.0) lib/puma/configuration.rb:225:in `call'
puma (3.11.0) lib/puma/server.rb:624:in `handle_request'
puma (3.11.0) lib/puma/server.rb:438:in `process_client'
puma (3.11.0) lib/puma/server.rb:302:in `block in run'
puma (3.11.0) lib/puma/thread_pool.rb:120:in `block in spawn_thread'
  [1m[35m (0.1ms)[0m  [1m[34mSELECT pg_try_advisory_lock(5231689983155268150)[0m
  [1m[35m (0.3ms)[0m  [1m[34mSELECT "schema_migrations"."version" FROM "schema_migrations" ORDER BY "schema_migrations"."version" ASC[0m
Migrating to CreateTestDepCollectors (20180114202801)
  [1m[35m (0.2ms)[0m  [1m[35mBEGIN[0m
  [1m[35m (158.5ms)[0m  [1m[35mCREATE TABLE "test_dep_collectors" ("id" bigserial primary key, "deb" character varying, "os_name" character varying, "created_at" timestamp NOT NULL, "updated_at" timestamp NOT NULL)[0m
  [1m[35mSQL (0.3ms)[0m  [1m[32mINSERT INTO "schema_migrations" ("version") VALUES ($1) RETURNING "version"[0m  [["version", "20180114202801"]]
  [1m[35m (15.9ms)[0m  [1m[35mCOMMIT[0m
  [1m[36mActiveRecord::InternalMetadata Load (0.3ms)[0m  [1m[34mSELECT  "ar_internal_metadata".* FROM "ar_internal_metadata" WHERE "ar_internal_metadata"."key" = $1 LIMIT $2[0m  [["key", "environment"], ["LIMIT", 1]]
  [1m[35m (0.4ms)[0m  [1m[35mBEGIN[0m
  [1m[35m (0.1ms)[0m  [1m[35mCOMMIT[0m
  [1m[35m (0.2ms)[0m  [1m[34mSELECT pg_advisory_unlock(5231689983155268150)[0m
  [1m[35m (0.2ms)[0m  [1m[34mSELECT "schema_migrations"."version" FROM "schema_migrations" ORDER BY "schema_migrations"."version" ASC[0m
Started GET "/test_dep_collector/collector" for 127.0.0.1 at 2018-01-14 22:39:11 +0200
  [1m[35m (0.5ms)[0m  [1m[34mSELECT "schema_migrations"."version" FROM "schema_migrations" ORDER BY "schema_migrations"."version" ASC[0m
  
ActionController::RoutingError (No route matches [GET] "/test_dep_collector/collector"):
  
actionpack (5.1.4) lib/action_dispatch/middleware/debug_exceptions.rb:63:in `call'
web-console (3.5.1) lib/web_console/middleware.rb:135:in `call_app'
web-console (3.5.1) lib/web_console/middleware.rb:28:in `block in call'
web-console (3.5.1) lib/web_console/middleware.rb:18:in `catch'
web-console (3.5.1) lib/web_console/middleware.rb:18:in `call'
actionpack (5.1.4) lib/action_dispatch/middleware/show_exceptions.rb:31:in `call'
railties (5.1.4) lib/rails/rack/logger.rb:36:in `call_app'
railties (5.1.4) lib/rails/rack/logger.rb:24:in `block in call'
activesupport (5.1.4) lib/active_support/tagged_logging.rb:69:in `block in tagged'
activesupport (5.1.4) lib/active_support/tagged_logging.rb:26:in `tagged'
activesupport (5.1.4) lib/active_support/tagged_logging.rb:69:in `tagged'
railties (5.1.4) lib/rails/rack/logger.rb:24:in `call'
sprockets-rails (3.2.1) lib/sprockets/rails/quiet_assets.rb:13:in `call'
actionpack (5.1.4) lib/action_dispatch/middleware/remote_ip.rb:79:in `call'
actionpack (5.1.4) lib/action_dispatch/middleware/request_id.rb:25:in `call'
rack (2.0.3) lib/rack/method_override.rb:22:in `call'
rack (2.0.3) lib/rack/runtime.rb:22:in `call'
activesupport (5.1.4) lib/active_support/cache/strategy/local_cache_middleware.rb:27:in `call'
actionpack (5.1.4) lib/action_dispatch/middleware/executor.rb:12:in `call'
actionpack (5.1.4) lib/action_dispatch/middleware/static.rb:125:in `call'
rack (2.0.3) lib/rack/sendfile.rb:111:in `call'
railties (5.1.4) lib/rails/engine.rb:522:in `call'
puma (3.11.0) lib/puma/configuration.rb:225:in `call'
puma (3.11.0) lib/puma/server.rb:624:in `handle_request'
puma (3.11.0) lib/puma/server.rb:438:in `process_client'
puma (3.11.0) lib/puma/server.rb:302:in `block in run'
puma (3.11.0) lib/puma/thread_pool.rb:120:in `block in spawn_thread'
Started GET "/test_dep_collectors/collector" for 127.0.0.1 at 2018-01-14 22:39:45 +0200
Processing by TestDepCollectorsController#proj_dep as */*
Completed 500 Internal Server Error in 142528ms (ActiveRecord: 0.0ms)


  
ArgumentError (too few arguments):
  
app/controllers/test_dep_collectors_controller.rb:18:in `format'
app/controllers/test_dep_collectors_controller.rb:18:in `proj_dep'
Started GET "/test_dep_collectors/collector" for 127.0.0.1 at 2018-01-14 22:42:17 +0200
Processing by TestDepCollectorsController#proj_dep as */*
Completed 500 Internal Server Error in 1181ms (ActiveRecord: 0.0ms)


  
ArgumentError (too few arguments):
  
app/controllers/test_dep_collectors_controller.rb:18:in `format'
app/controllers/test_dep_collectors_controller.rb:18:in `proj_dep'
Started GET "/test_dep_collectors/collector" for 127.0.0.1 at 2018-01-14 22:43:21 +0200
Processing by TestDepCollectorsController#proj_dep as */*
Completed 500 Internal Server Error in 2ms (ActiveRecord: 0.0ms)


  
ArgumentError (wrong number of arguments (given 1, expected 0)):
  
app/controllers/test_dep_collectors_controller.rb:17:in `proj_dep'
Started GET "/test_dep_collectors/collector" for 127.0.0.1 at 2018-01-14 22:45:45 +0200
Processing by TestDepCollectorsController#proj_dep as */*

No template found for TestDepCollectorsController#proj_dep, rendering head :no_content
Completed 204 No Content in 16ms (ActiveRecord: 0.0ms)


Started GET "/test_dep_collectors/collector" for 127.0.0.1 at 2018-01-14 22:48:12 +0200
Processing by TestDepCollectorsController#proj_dep as */*

Completed 500 Internal Server Error in 2ms (ActiveRecord: 0.0ms)


  
ArgumentError (too few arguments):
  
app/controllers/test_dep_collectors_controller.rb:18:in `format'
app/controllers/test_dep_collectors_controller.rb:18:in `proj_dep'
Started GET "/test_dep_collectors/collector" for 127.0.0.1 at 2018-01-14 22:49:58 +0200
Processing by TestDepCollectorsController#proj_dep as */*
Completed 500 Internal Server Error in 4ms (ActiveRecord: 0.0ms)


  
ArgumentError (too few arguments):
  
app/controllers/test_dep_collectors_controller.rb:17:in `format'
app/controllers/test_dep_collectors_controller.rb:17:in `proj_dep'
Started GET "/test_dep_collectors/collector" for 127.0.0.1 at 2018-01-14 22:50:42 +0200
Processing by TestDepCollectorsController#proj_dep as */*
  Rendering test_dep_collectors/show.json.jbuilder
  Rendered test_dep_collectors/_test_dep_collector.json.jbuilder (5.4ms)
  Rendered test_dep_collectors/show.json.jbuilder (12330.5ms)
Completed 500 Internal Server Error in 12344ms (ActiveRecord: 0.0ms)


  
ActionView::Template::Error (undefined method `test_dep_collector' for #<Array:0x00007fe819305210>):
    1: json.extract! test_dep_collector, :test_dep_collector
  
app/views/test_dep_collectors/_test_dep_collector.json.jbuilder:1:in `_app_views_test_dep_collectors__test_dep_collector_json_jbuilder__4135549173059152122_70317414955800'
app/views/test_dep_collectors/show.json.jbuilder:2:in `_app_views_test_dep_collectors_show_json_jbuilder___1781755069492743199_70317415742280'
app/controllers/test_dep_collectors_controller.rb:18:in `block (2 levels) in proj_dep'
app/controllers/test_dep_collectors_controller.rb:17:in `proj_dep'
Started GET "/test_dep_collectors/collector" for 127.0.0.1 at 2018-01-14 22:51:42 +0200
Processing by TestDepCollectorsController#proj_dep as */*
  Rendering test_dep_collectors/show.json.jbuilder
  Rendered test_dep_collectors/_test_dep_collector.json.jbuilder (1.1ms)
  Rendered test_dep_collectors/show.json.jbuilder (2236.9ms)
Completed 200 OK in 2241ms (Views: 2239.3ms | ActiveRecord: 0.0ms)


Started GET "/test_dep_collectors/collector" for 127.0.0.1 at 2018-01-14 22:52:20 +0200
Processing by TestDepCollectorsController#proj_dep as */*
  Rendering test_dep_collectors/show.json.jbuilder
  Rendered test_dep_collectors/_test_dep_collector.json.jbuilder (0.3ms)
  Rendered test_dep_collectors/show.json.jbuilder (2607.3ms)
Completed 200 OK in 2610ms (Views: 2608.7ms | ActiveRecord: 0.0ms)


